{
"tests/dummy/app/resolver.js":{"path":"tests/dummy/app/resolver.js","s":{},"b":{},"f":{},"fnMap":{},"statementMap":{},"branchMap":{},"code":["import Resolver from 'ember-resolver';","","export default Resolver;",""],"l":{}},
"tests/dummy/app/app.js":{"path":"tests/dummy/app/app.js","s":{"1":1,"2":1,"3":1,"4":1},"b":{},"f":{},"fnMap":{},"statementMap":{"1":{"start":{"line":6,"column":0},"end":{"line":6,"column":8}},"2":{"start":{"line":8,"column":0},"end":{"line":8,"column":38}},"3":{"start":{"line":10,"column":0},"end":{"line":14,"column":3}},"4":{"start":{"line":16,"column":0},"end":{"line":16,"column":43}}},"branchMap":{},"code":["import Ember from 'ember';","import Resolver from './resolver';","import loadInitializers from 'ember-load-initializers';","import config from './config/environment';","","let App;","","Ember.MODEL_FACTORY_INJECTIONS = true;","","App = Ember.Application.extend({","  modulePrefix: config.modulePrefix,","  podModulePrefix: config.podModulePrefix,","  Resolver","});","","loadInitializers(App, config.modulePrefix);","","export default App;",""],"l":{"6":1,"8":1,"10":1,"16":1}},
"tests/dummy/app/router.js":{"path":"tests/dummy/app/router.js","s":{"1":1,"2":1},"b":{},"f":{"1":1},"fnMap":{"1":{"name":"(anonymous_1)","line":8,"loc":{"start":{"line":8,"column":11},"end":{"line":8,"column":22}}}},"statementMap":{"1":{"start":{"line":4,"column":0},"end":{"line":6,"column":3}},"2":{"start":{"line":8,"column":0},"end":{"line":9,"column":3}}},"branchMap":{},"code":["import Ember from 'ember';","import config from './config/environment';","","const Router = Ember.Router.extend({","  location: config.locationType","});","","Router.map(function() {","});","","export default Router;",""],"l":{"4":1,"8":1}},
"tests/dummy/app/templates/application.hbs":{"path":"tests/dummy/app/templates/application.hbs","s":{"1":1,"2":1,"3":1,"4":1,"5":1,"6":1,"7":1,"8":1,"9":1,"10":1,"11":1,"12":1,"13":1,"14":1,"15":1,"16":1,"17":1},"b":{},"f":{"1":1,"2":1,"3":1},"fnMap":{"1":{"name":"(anonymous_1)","line":1,"loc":{"start":{"line":1,"column":40},"end":{"line":1,"column":51}}},"2":{"name":"buildFragment","line":29,"loc":{"start":{"line":29,"column":19},"end":{"line":29,"column":47}}},"3":{"name":"buildRenderNodes","line":44,"loc":{"start":{"line":44,"column":22},"end":{"line":44,"column":82}}}},"statementMap":{"1":{"start":{"line":2,"column":2},"end":{"line":54,"column":4}},"2":{"start":{"line":30,"column":6},"end":{"line":30,"column":45}},"3":{"start":{"line":31,"column":6},"end":{"line":31,"column":40}},"4":{"start":{"line":32,"column":6},"end":{"line":32,"column":41}},"5":{"start":{"line":33,"column":6},"end":{"line":33,"column":55}},"6":{"start":{"line":34,"column":6},"end":{"line":34,"column":32}},"7":{"start":{"line":35,"column":6},"end":{"line":35,"column":32}},"8":{"start":{"line":36,"column":6},"end":{"line":36,"column":43}},"9":{"start":{"line":37,"column":6},"end":{"line":37,"column":32}},"10":{"start":{"line":38,"column":6},"end":{"line":38,"column":38}},"11":{"start":{"line":39,"column":6},"end":{"line":39,"column":32}},"12":{"start":{"line":40,"column":6},"end":{"line":40,"column":41}},"13":{"start":{"line":41,"column":6},"end":{"line":41,"column":32}},"14":{"start":{"line":42,"column":6},"end":{"line":42,"column":17}},"15":{"start":{"line":45,"column":6},"end":{"line":45,"column":32}},"16":{"start":{"line":46,"column":6},"end":{"line":46,"column":68}},"17":{"start":{"line":47,"column":6},"end":{"line":47,"column":20}}},"branchMap":{},"code":["export default Ember.HTMLBars.template((function() {","  return {","    meta: {","      \"fragmentReason\": {","        \"name\": \"missing-wrapper\",","        \"problems\": [","          \"multiple-nodes\",","          \"wrong-type\"","        ]","      },","      \"revision\": \"Ember@2.5.1\",","      \"loc\": {","        \"source\": null,","        \"start\": {","          \"line\": 1,","          \"column\": 0","        },","        \"end\": {","          \"line\": 4,","          \"column\": 0","        }","      },","      \"moduleName\": \"dummy/templates/application.hbs\"","    },","    isEmpty: false,","    arity: 0,","    cachedFragment: null,","    hasRendered: false,","    buildFragment: function buildFragment(dom) {","      var el0 = dom.createDocumentFragment();","      var el1 = dom.createElement(\"h2\");","      dom.setAttribute(el1,\"id\",\"title\");","      var el2 = dom.createTextNode(\"Welcome to Ember\");","      dom.appendChild(el1, el2);","      dom.appendChild(el0, el1);","      var el1 = dom.createTextNode(\"\\n\\n\");","      dom.appendChild(el0, el1);","      var el1 = dom.createComment(\"\");","      dom.appendChild(el0, el1);","      var el1 = dom.createTextNode(\"\\n\");","      dom.appendChild(el0, el1);","      return el0;","    },","    buildRenderNodes: function buildRenderNodes(dom, fragment, contextualElement) {","      var morphs = new Array(1);","      morphs[0] = dom.createMorphAt(fragment,2,2,contextualElement);","      return morphs;","    },","    statements: [","      [\"content\",\"outlet\",[\"loc\",[null,[3,0],[3,10]]]]","    ],","    locals: [],","    templates: []","  };","}()));"],"l":{"2":1,"30":1,"31":1,"32":1,"33":1,"34":1,"35":1,"36":1,"37":1,"38":1,"39":1,"40":1,"41":1,"42":1,"45":1,"46":1,"47":1}}}
