TN:
SF:tests/dummy/app/resolver.js
FNF:0
FNH:0
LF:0
LH:0
BRF:0
BRH:0
end_of_record
TN:
SF:tests/dummy/app/app.js
FNF:0
FNH:0
DA:6,1
DA:8,1
DA:10,1
DA:16,1
LF:4
LH:4
BRF:0
BRH:0
end_of_record
TN:
SF:tests/dummy/app/router.js
FN:8,(anonymous_1)
FNF:1
FNH:1
FNDA:1,(anonymous_1)
DA:4,1
DA:8,1
LF:2
LH:2
BRF:0
BRH:0
end_of_record
TN:
SF:tests/dummy/app/templates/application.hbs
FN:1,(anonymous_1)
FN:29,buildFragment
FN:44,buildRenderNodes
FNF:3
FNH:3
FNDA:1,(anonymous_1)
FNDA:1,buildFragment
FNDA:1,buildRenderNodes
DA:2,1
DA:30,1
DA:31,1
DA:32,1
DA:33,1
DA:34,1
DA:35,1
DA:36,1
DA:37,1
DA:38,1
DA:39,1
DA:40,1
DA:41,1
DA:42,1
DA:45,1
DA:46,1
DA:47,1
LF:17
LH:17
BRF:0
BRH:0
end_of_record
